[debug] [2022-03-28T14:43:51.896Z] ----------------------------------------------------------------------
[debug] [2022-03-28T14:43:51.898Z] Command:       C:\Program Files\nodejs\node.exe C:\Users\dwalya\AppData\Roaming\npm\node_modules\firebase-tools\lib\bin\firebase.js init
[debug] [2022-03-28T14:43:51.898Z] CLI Version:   10.5.0
[debug] [2022-03-28T14:43:51.899Z] Platform:      win32
[debug] [2022-03-28T14:43:51.899Z] Node Version:  v16.14.2
[debug] [2022-03-28T14:43:51.900Z] Time:          Mon Mar 28 2022 16:43:51 GMT+0200 (Eastern European Standard Time)
[debug] [2022-03-28T14:43:51.900Z] ----------------------------------------------------------------------
[debug] 
[debug] [2022-03-28T14:43:51.908Z] > command requires scopes: ["email","openid","https://www.googleapis.com/auth/cloudplatformprojects.readonly","https://www.googleapis.com/auth/firebase","https://www.googleapis.com/auth/cloud-platform"]
[debug] [2022-03-28T14:43:51.908Z] > authorizing via signed-in user (mimogogo167@gmail.com)
[info] 
     ######## #### ########  ######## ########     ###     ######  ########
     ##        ##  ##     ## ##       ##     ##  ##   ##  ##       ##
     ######    ##  ########  ######   ########  #########  ######  ######
     ##        ##  ##    ##  ##       ##     ## ##     ##       ## ##
     ##       #### ##     ## ######## ########  ##     ##  ######  ########

You're about to initialize a Firebase project in this directory:

  F:\My Work\digital-marketing-agency

[info] 
=== Project Setup
[info] 
[info] First, let's associate this project directory with a Firebase project.
[info] You can create multiple project aliases by running firebase use --add, 
[info] but for now we'll just set up a default project.
[info] 
[debug] [2022-03-28T14:44:01.327Z] >>> [apiv2][query] GET https://firebase.googleapis.com/v1beta1/projects pageSize=100
[debug] [2022-03-28T14:44:01.994Z] <<< [apiv2][status] GET https://firebase.googleapis.com/v1beta1/projects 200
[debug] [2022-03-28T14:44:01.995Z] <<< [apiv2][body] GET https://firebase.googleapis.com/v1beta1/projects [omitted]
[info] i  Using project digital-marketing-agency-e6742 (Digital-Marketing-Agency) 
[info] 
=== Hosting Setup
[info] 
[info] Your public directory is the folder (relative to your project directory) that
[info] will contain Hosting assets to be uploaded with firebase deploy. If you
[info] have a build process for your assets, use your build's output directory.
[info] 
[debug] [2022-03-28T14:44:30.341Z] ----------------------------------------------------------------------
[debug] [2022-03-28T14:44:30.344Z] Command:       C:\Program Files\nodejs\node.exe C:\Users\dwalya\AppData\Roaming\npm\node_modules\firebase-tools\lib\bin\firebase.js init
[debug] [2022-03-28T14:44:30.344Z] CLI Version:   10.5.0
[debug] [2022-03-28T14:44:30.344Z] Platform:      win32
[debug] [2022-03-28T14:44:30.344Z] Node Version:  v16.14.2
[debug] [2022-03-28T14:44:30.345Z] Time:          Mon Mar 28 2022 16:44:30 GMT+0200 (Eastern European Standard Time)
[debug] [2022-03-28T14:44:30.346Z] ----------------------------------------------------------------------
[debug] 
[debug] [2022-03-28T14:44:30.354Z] > command requires scopes: ["email","openid","https://www.googleapis.com/auth/cloudplatformprojects.readonly","https://www.googleapis.com/auth/firebase","https://www.googleapis.com/auth/cloud-platform"]
[debug] [2022-03-28T14:44:30.354Z] > authorizing via signed-in user (mimogogo167@gmail.com)
[info] 
     ######## #### ########  ######## ########     ###     ######  ########
     ##        ##  ##     ## ##       ##     ##  ##   ##  ##       ##
     ######    ##  ########  ######   ########  #########  ######  ######
     ##        ##  ##    ##  ##       ##     ## ##     ##       ## ##
     ##       #### ##     ## ######## ########  ##     ##  ######  ########

You're about to initialize a Firebase project in this directory:

  F:\My Work\digital-marketing-agency

[info] 
=== Project Setup
[info] 
[info] First, let's associate this project directory with a Firebase project.
[info] You can create multiple project aliases by running firebase use --add, 
[info] but for now we'll just set up a default project.
[info] 
[debug] [2022-03-28T14:44:36.898Z] >>> [apiv2][query] GET https://firebase.googleapis.com/v1beta1/projects pageSize=100
[debug] [2022-03-28T14:44:37.499Z] <<< [apiv2][status] GET https://firebase.googleapis.com/v1beta1/projects 200
[debug] [2022-03-28T14:44:37.499Z] <<< [apiv2][body] GET https://firebase.googleapis.com/v1beta1/projects [omitted]
[info] i  Using project digital-marketing-agency-e6742 (Digital-Marketing-Agency) 
[info] 
=== Hosting Setup
[info] 
[info] Your public directory is the folder (relative to your project directory) that
[info] will contain Hosting assets to be uploaded with firebase deploy. If you
[info] have a build process for your assets, use your build's output directory.
[info] 
